Started GET "/" for 127.0.0.1 at 2021-02-04 18:24:01 +1100
Processing by WelcomeController#index as HTML
  Rendering welcome/index.html.erb within layouts/application
  Rendered welcome/index.html.erb within layouts/application (2.3ms)
Completed 200 OK in 3583ms (Views: 258.0ms | ActiveRecord: 0.0ms)


Started GET "/customers" for 127.0.0.1 at 2021-02-04 18:24:09 +1100
Processing by CustomersController#index as HTML
  Rendering customers/index.html.erb within layouts/application
  Rendered customers/index.html.erb within layouts/application (0.7ms)
Completed 200 OK in 38ms (Views: 32.0ms | ActiveRecord: 0.0ms)


Started GET "/customers" for 127.0.0.1 at 2021-02-04 18:28:41 +1100
Processing by CustomersController#index as HTML
  Rendering customers/index.html.erb within layouts/application
  Rendered customers/index.html.erb within layouts/application (2.3ms)
Completed 200 OK in 198ms (Views: 190.3ms | ActiveRecord: 0.0ms)


Started GET "/" for 127.0.0.1 at 2021-02-04 18:28:46 +1100
Processing by WelcomeController#index as HTML
  Rendering welcome/index.html.erb within layouts/application
  Rendered welcome/index.html.erb within layouts/application (0.5ms)
Completed 200 OK in 5807ms (Views: 21.7ms | ActiveRecord: 0.0ms)


